<?xml version="1.0" encoding="UTF-8"?>
<robot generator="Robot 6.0.1 (Python 3.10.4 on win32)" generated="20221219 21:52:48.672" rpa="false" schemaversion="3">
<suite id="s1" name="Test" source="D:\OrganizationManagement\robotframework\test.robot">
<test id="s1-t1" name="Add new user" line="10">
<kw name="CREATE HEADERS" library="keywords">
<var>${headers}</var>
<arg>admin</arg>
<arg>test</arg>
<kw name="LOGIN AND GET TOKEN" library="keywords">
<var>${getToken}</var>
<arg>${username}</arg>
<arg>${password}</arg>
<kw name="POST" library="RequestsLibrary">
<var>${response}</var>
<arg>http://localhost:9191/users/auth/login</arg>
<arg>params=username=${username}&amp;password=${password}</arg>
<arg>expected_status=200</arg>
<doc>Sends a POST request.</doc>
<msg timestamp="20221219 21:52:49.506" level="INFO">POST Request : url=http://localhost:9191/users/auth/login?username=admin&amp;password=test 
 path_url=/users/auth/login?username=admin&amp;password=test 
 headers={'User-Agent': 'python-requests/2.28.1', 'Accept-Encoding': 'gzip, deflate', 'Accept': '*/*', 'Connection': 'keep-alive', 'Content-Length': '0'} 
 body=None 
 </msg>
<msg timestamp="20221219 21:52:49.508" level="INFO">POST Response : url=http://localhost:9191/users/auth/login?username=admin&amp;password=test 
 status=200, reason=OK 
 headers={'Vary': 'Origin, Access-Control-Request-Method, Access-Control-Request-Headers', 'X-Content-Type-Options': 'nosniff', 'X-XSS-Protection': '1; mode=block', 'Cache-Control': 'no-cache, no-store, max-age=0, must-revalidate', 'Pragma': 'no-cache', 'Expires': '0', 'X-Frame-Options': 'DENY', 'Content-Type': 'text/plain;charset=UTF-8', 'Date': 'Mon, 19 Dec 2022 18:52:49 GMT', 'content-length': '157'} 
 body=eyJhbGciOiJIUzI1NiJ9.eyJpZCI6MSwidHlwZSI6IkFETUlOSVNUUkFUT1IiLCJjcmVhdGVkIjoxNjcxNDc1OTY5MzU4LCJzdWIiOiJhZG1pbiJ9.DRRbW3sfUu7gZdSo4nF7FTqRCcx7dJlZMcqL52-FQ-w 
 </msg>
<msg timestamp="20221219 21:52:49.509" level="INFO">${response} = &lt;Response [200]&gt;</msg>
<status status="PASS" starttime="20221219 21:52:48.796" endtime="20221219 21:52:49.509"/>
</kw>
<msg timestamp="20221219 21:52:49.509" level="INFO">${getToken} = eyJhbGciOiJIUzI1NiJ9.eyJpZCI6MSwidHlwZSI6IkFETUlOSVNUUkFUT1IiLCJjcmVhdGVkIjoxNjcxNDc1OTY5MzU4LCJzdWIiOiJhZG1pbiJ9.DRRbW3sfUu7gZdSo4nF7FTqRCcx7dJlZMcqL52-FQ-w</msg>
<status status="PASS" starttime="20221219 21:52:48.795" endtime="20221219 21:52:49.509"/>
</kw>
<kw name="Create Dictionary" library="BuiltIn">
<var>&amp;{headrs}</var>
<doc>Creates and returns a dictionary based on the given ``items``.</doc>
<msg timestamp="20221219 21:52:49.510" level="INFO">&amp;{headrs} = { }</msg>
<status status="PASS" starttime="20221219 21:52:49.509" endtime="20221219 21:52:49.510"/>
</kw>
<kw name="Set To Dictionary" library="Collections">
<arg>${headrs}</arg>
<arg>Authorization</arg>
<arg>Bearer ${getToken}</arg>
<doc>Adds the given ``key_value_pairs`` and ``items`` to the ``dictionary``.</doc>
<status status="PASS" starttime="20221219 21:52:49.510" endtime="20221219 21:52:49.510"/>
</kw>
<kw name="Set To Dictionary" library="Collections">
<arg>${headrs}</arg>
<arg>Content-type</arg>
<arg>Application/JSON</arg>
<doc>Adds the given ``key_value_pairs`` and ``items`` to the ``dictionary``.</doc>
<status status="PASS" starttime="20221219 21:52:49.510" endtime="20221219 21:52:49.511"/>
</kw>
<msg timestamp="20221219 21:52:49.511" level="INFO">${headers} = {'Authorization': 'Bearer eyJhbGciOiJIUzI1NiJ9.eyJpZCI6MSwidHlwZSI6IkFETUlOSVNUUkFUT1IiLCJjcmVhdGVkIjoxNjcxNDc1OTY5MzU4LCJzdWIiOiJhZG1pbiJ9.DRRbW3sfUu7gZdSo4nF7FTqRCcx7dJlZMcqL52-FQ-w', 'Content-type'...</msg>
<status status="PASS" starttime="20221219 21:52:48.795" endtime="20221219 21:52:49.511"/>
</kw>
<kw name="Create Dictionary" library="BuiltIn">
<var>&amp;{body}</var>
<arg>username=outreach_assistant</arg>
<arg>name=outreach_assistant</arg>
<arg>email=test@test.com</arg>
<arg>gender=MALE</arg>
<arg>type=OUTREACH_ASSISTANT</arg>
<arg>password=test</arg>
<doc>Creates and returns a dictionary based on the given ``items``.</doc>
<msg timestamp="20221219 21:52:49.511" level="INFO">&amp;{body} = { username=outreach_assistant | name=outreach_assistant | email=test@test.com | gender=MALE | type=OUTREACH_ASSISTANT | password=test }</msg>
<status status="PASS" starttime="20221219 21:52:49.511" endtime="20221219 21:52:49.511"/>
</kw>
<kw name="POST" library="RequestsLibrary">
<var>${resp}</var>
<arg>http://localhost:9191/users</arg>
<arg>headers=${headers}</arg>
<arg>json=${body}</arg>
<arg>expected_status=200</arg>
<doc>Sends a POST request.</doc>
<msg timestamp="20221219 21:52:49.732" level="INFO">POST Request : url=http://localhost:9191/users 
 path_url=/users 
 headers={'User-Agent': 'python-requests/2.28.1', 'Accept-Encoding': 'gzip, deflate', 'Accept': '*/*', 'Connection': 'keep-alive', 'Authorization': 'Bearer eyJhbGciOiJIUzI1NiJ9.eyJpZCI6MSwidHlwZSI6IkFETUlOSVNUUkFUT1IiLCJjcmVhdGVkIjoxNjcxNDc1OTY5MzU4LCJzdWIiOiJhZG1pbiJ9.DRRbW3sfUu7gZdSo4nF7FTqRCcx7dJlZMcqL52-FQ-w', 'Content-type': 'Application/JSON', 'Content-Length': '158'} 
 body=b'{"username": "outreach_assistant", "name": "outreach_assistant", "email": "test@test.com", "gender": "MALE", "type": "OUTREACH_ASSISTANT", "password": "test"}' 
 </msg>
<msg timestamp="20221219 21:52:49.732" level="INFO">POST Response : url=http://localhost:9191/users 
 status=200, reason=OK 
 headers={'transfer-encoding': 'chunked', 'Vary': 'Origin, Access-Control-Request-Method, Access-Control-Request-Headers', 'X-Content-Type-Options': 'nosniff', 'X-XSS-Protection': '1; mode=block', 'Cache-Control': 'no-cache, no-store, max-age=0, must-revalidate', 'Pragma': 'no-cache', 'Expires': '0', 'X-Frame-Options': 'DENY', 'Content-Type': 'application/json', 'Date': 'Mon, 19 Dec 2022 18:52:49 GMT'} 
 body={"id":31,"username":"outreach_assistant","name":"outreach_assistant","email":"test@test.com","gender":"MALE","type":"OUTREACH_ASSISTANT","password":"$2a$10$JILRDlZLdjtL/ZEDS5N...iATmVJB.IBagEDxytZkW/aFam/Xs.r6","enabled":true,"accountNonExpired":true,"accountNonLocked":true,"authorities":null,"credentialsNonExpired":true} 
 </msg>
<msg timestamp="20221219 21:52:49.732" level="INFO">${resp} = &lt;Response [200]&gt;</msg>
<status status="PASS" starttime="20221219 21:52:49.511" endtime="20221219 21:52:49.732"/>
</kw>
<kw name="Log To Console" library="BuiltIn">
<arg>'this response'</arg>
<arg>${resp.content}</arg>
<doc>Logs the given message to the console.</doc>
<status status="PASS" starttime="20221219 21:52:49.732" endtime="20221219 21:52:49.733"/>
</kw>
<status status="PASS" starttime="20221219 21:52:48.794" endtime="20221219 21:52:49.733"/>
</test>
<test id="s1-t2" name="Add new candidate" line="17">
<kw name="CREATE HEADERS" library="keywords">
<var>${headers}</var>
<arg>outreach_assistant</arg>
<arg>test</arg>
<kw name="LOGIN AND GET TOKEN" library="keywords">
<var>${getToken}</var>
<arg>${username}</arg>
<arg>${password}</arg>
<kw name="POST" library="RequestsLibrary">
<var>${response}</var>
<arg>http://localhost:9191/users/auth/login</arg>
<arg>params=username=${username}&amp;password=${password}</arg>
<arg>expected_status=200</arg>
<doc>Sends a POST request.</doc>
<msg timestamp="20221219 21:52:49.814" level="INFO">POST Request : url=http://localhost:9191/users/auth/login?username=outreach_assistant&amp;password=test 
 path_url=/users/auth/login?username=outreach_assistant&amp;password=test 
 headers={'User-Agent': 'python-requests/2.28.1', 'Accept-Encoding': 'gzip, deflate', 'Accept': '*/*', 'Connection': 'keep-alive', 'Content-Length': '0'} 
 body=None 
 </msg>
<msg timestamp="20221219 21:52:49.814" level="INFO">POST Response : url=http://localhost:9191/users/auth/login?username=outreach_assistant&amp;password=test 
 status=200, reason=OK 
 headers={'Vary': 'Origin, Access-Control-Request-Method, Access-Control-Request-Headers', 'X-Content-Type-Options': 'nosniff', 'X-XSS-Protection': '1; mode=block', 'Cache-Control': 'no-cache, no-store, max-age=0, must-revalidate', 'Pragma': 'no-cache', 'Expires': '0', 'X-Frame-Options': 'DENY', 'Content-Type': 'text/plain;charset=UTF-8', 'Date': 'Mon, 19 Dec 2022 18:52:49 GMT', 'content-length': '183'} 
 body=eyJhbGciOiJIUzI1NiJ9.eyJpZCI6MzEsInR5cGUiOiJPVVRSRUFDSF9BU1NJU1RBTlQiLCJjcmVhdGVkIjoxNjcxNDc1OTY5ODA3LCJzdWIiOiJvdXRyZWFjaF9hc3Npc3RhbnQifQ.m7y5FCj0XtF4_Z8MWrZ7O5wdR1QBmKc5-hfA0XiKPbg 
 </msg>
<msg timestamp="20221219 21:52:49.815" level="INFO">${response} = &lt;Response [200]&gt;</msg>
<status status="PASS" starttime="20221219 21:52:49.734" endtime="20221219 21:52:49.815"/>
</kw>
<msg timestamp="20221219 21:52:49.815" level="INFO">${getToken} = eyJhbGciOiJIUzI1NiJ9.eyJpZCI6MzEsInR5cGUiOiJPVVRSRUFDSF9BU1NJU1RBTlQiLCJjcmVhdGVkIjoxNjcxNDc1OTY5ODA3LCJzdWIiOiJvdXRyZWFjaF9hc3Npc3RhbnQifQ.m7y5FCj0XtF4_Z8MWrZ7O5wdR1QBmKc5-hfA0XiKPbg</msg>
<status status="PASS" starttime="20221219 21:52:49.734" endtime="20221219 21:52:49.815"/>
</kw>
<kw name="Create Dictionary" library="BuiltIn">
<var>&amp;{headrs}</var>
<doc>Creates and returns a dictionary based on the given ``items``.</doc>
<msg timestamp="20221219 21:52:49.816" level="INFO">&amp;{headrs} = { }</msg>
<status status="PASS" starttime="20221219 21:52:49.815" endtime="20221219 21:52:49.816"/>
</kw>
<kw name="Set To Dictionary" library="Collections">
<arg>${headrs}</arg>
<arg>Authorization</arg>
<arg>Bearer ${getToken}</arg>
<doc>Adds the given ``key_value_pairs`` and ``items`` to the ``dictionary``.</doc>
<status status="PASS" starttime="20221219 21:52:49.816" endtime="20221219 21:52:49.816"/>
</kw>
<kw name="Set To Dictionary" library="Collections">
<arg>${headrs}</arg>
<arg>Content-type</arg>
<arg>Application/JSON</arg>
<doc>Adds the given ``key_value_pairs`` and ``items`` to the ``dictionary``.</doc>
<status status="PASS" starttime="20221219 21:52:49.816" endtime="20221219 21:52:49.817"/>
</kw>
<msg timestamp="20221219 21:52:49.817" level="INFO">${headers} = {'Authorization': 'Bearer eyJhbGciOiJIUzI1NiJ9.eyJpZCI6MzEsInR5cGUiOiJPVVRSRUFDSF9BU1NJU1RBTlQiLCJjcmVhdGVkIjoxNjcxNDc1OTY5ODA3LCJzdWIiOiJvdXRyZWFjaF9hc3Npc3RhbnQifQ.m7y5FCj0XtF4_Z8MWrZ7O5wdR1QBmKc5-h...</msg>
<status status="PASS" starttime="20221219 21:52:49.733" endtime="20221219 21:52:49.817"/>
</kw>
<kw name="Create Dictionary" library="BuiltIn">
<var>&amp;{body}</var>
<arg>fullname=First_candidate</arg>
<arg>gender=FEMALE</arg>
<arg>nominator_id=22</arg>
<arg>status=test status</arg>
<arg>updater_id=22</arg>
<doc>Creates and returns a dictionary based on the given ``items``.</doc>
<msg timestamp="20221219 21:52:49.817" level="INFO">&amp;{body} = { fullname=First_candidate | gender=FEMALE | nominator_id=22 | status=test status | updater_id=22 }</msg>
<status status="PASS" starttime="20221219 21:52:49.817" endtime="20221219 21:52:49.817"/>
</kw>
<kw name="POST" library="RequestsLibrary">
<var>@{response}</var>
<arg>http://localhost:9191/tickets/candidates</arg>
<arg>headers=${headers}</arg>
<arg>json=${body}</arg>
<arg>expected_status=200</arg>
<doc>Sends a POST request.</doc>
<msg timestamp="20221219 21:52:49.891" level="INFO">POST Request : url=http://localhost:9191/tickets/candidates 
 path_url=/tickets/candidates 
 headers={'User-Agent': 'python-requests/2.28.1', 'Accept-Encoding': 'gzip, deflate', 'Accept': '*/*', 'Connection': 'keep-alive', 'Authorization': 'Bearer eyJhbGciOiJIUzI1NiJ9.eyJpZCI6MzEsInR5cGUiOiJPVVRSRUFDSF9BU1NJU1RBTlQiLCJjcmVhdGVkIjoxNjcxNDc1OTY5ODA3LCJzdWIiOiJvdXRyZWFjaF9hc3Npc3RhbnQifQ.m7y5FCj0XtF4_Z8MWrZ7O5wdR1QBmKc5-hfA0XiKPbg', 'Content-type': 'Application/JSON', 'Content-Length': '118'} 
 body=b'{"fullname": "First_candidate", "gender": "FEMALE", "nominator_id": "22", "status": "test status", "updater_id": "22"}' 
 </msg>
<msg timestamp="20221219 21:52:49.891" level="INFO">POST Response : url=http://localhost:9191/tickets/candidates 
 status=200, reason=OK 
 headers={'Server': 'Werkzeug/2.2.2 Python/3.8.16', 'Date': 'Mon, 19 Dec 2022 18:52:49 GMT', 'Content-Type': 'application/json', 'content-length': '115'} 
 body={"fullname": "First_candidate", "gender": "FEMALE", "nominator_id": 22, "status": "test status", "updater_id": 22}
 
 </msg>
<msg timestamp="20221219 21:52:49.892" level="INFO">@{response} = [ {"fullname": "First_candidate", "gender": "FEMALE", "nominator_id": 22, "status": "test status", "updater_id": 22}
 ]</msg>
<status status="PASS" starttime="20221219 21:52:49.817" endtime="20221219 21:52:49.892"/>
</kw>
<status status="PASS" starttime="20221219 21:52:49.733" endtime="20221219 21:52:49.892"/>
</test>
<status status="PASS" starttime="20221219 21:52:48.674" endtime="20221219 21:52:49.893"/>
</suite>
<statistics>
<total>
<stat pass="2" fail="0" skip="0">All Tests</stat>
</total>
<tag>
</tag>
<suite>
<stat pass="2" fail="0" skip="0" id="s1" name="Test">Test</stat>
</suite>
</statistics>
<errors>
</errors>
</robot>
